
 28/02/2024 14:54:53 Service Starting service
 28/02/2024 14:54:53 Bus Became bus client

 28/02/2024 14:54:53 Middleware::Response Success
 28/02/2024 14:54:53 Service Initializing modules

------------------------------------------------------------------------------
----------------------------------AutoLogOut----------------------------------
------------------------------------------------------------------------------
 28/02/2024 14:54:53 Client-Info Client Version: 0.12.0
 28/02/2024 14:54:53 Client-Info Client OS:      Windows
 28/02/2024 14:54:53 Client-Info Server Version: 1.5.9
 28/02/2024 14:54:53 Bus::Client Connection established
 28/02/2024 14:54:53 Middleware::Response Success
------------------------------------------------------------------------------


------------------------------------------------------------------------------
-----------------------------DefaultPrinterManager----------------------------
------------------------------------------------------------------------------
 28/02/2024 14:54:53 Client-Info Client Version: 0.12.0
 28/02/2024 14:54:53 Client-Info Client OS:      Windows
 28/02/2024 14:54:53 Client-Info Server Version: 1.5.9
 28/02/2024 14:54:53 Middleware::Response Success
------------------------------------------------------------------------------


------------------------------------------------------------------------------
--------------------------------DisplayManager--------------------------------
------------------------------------------------------------------------------
 28/02/2024 14:54:53 Client-Info Client Version: 0.12.0
 28/02/2024 14:54:53 Client-Info Client OS:      Windows
 28/02/2024 14:54:53 Client-Info Server Version: 1.5.9
 28/02/2024 14:54:53 Middleware::Response Success
 28/02/2024 14:54:53 DisplayManager ERROR: Invalid settings provided
------------------------------------------------------------------------------

 28/02/2024 14:54:53 Service Sleeping for 121 seconds
 28/02/2024 14:56:54 Middleware::Response Success

------------------------------------------------------------------------------
----------------------------------AutoLogOut----------------------------------
------------------------------------------------------------------------------
 28/02/2024 14:56:54 Client-Info Client Version: 0.12.0
 28/02/2024 14:56:54 Client-Info Client OS:      Windows
 28/02/2024 14:56:54 Client-Info Server Version: 1.5.9
 28/02/2024 14:56:54 Middleware::Response Success
------------------------------------------------------------------------------


------------------------------------------------------------------------------
-----------------------------DefaultPrinterManager----------------------------
------------------------------------------------------------------------------
 28/02/2024 14:56:54 Client-Info Client Version: 0.12.0
 28/02/2024 14:56:54 Client-Info Client OS:      Windows
 28/02/2024 14:56:54 Client-Info Server Version: 1.5.9
 28/02/2024 14:56:54 Middleware::Response Success
------------------------------------------------------------------------------


------------------------------------------------------------------------------
--------------------------------DisplayManager--------------------------------
------------------------------------------------------------------------------
 28/02/2024 14:56:54 Client-Info Client Version: 0.12.0
 28/02/2024 14:56:54 Client-Info Client OS:      Windows
 28/02/2024 14:56:54 Client-Info Server Version: 1.5.9
 28/02/2024 14:56:54 Middleware::Response Success
 28/02/2024 14:56:54 DisplayManager ERROR: Invalid settings provided
------------------------------------------------------------------------------

 28/02/2024 14:56:54 Service Sleeping for 150 seconds
 28/02/2024 14:59:24 Middleware::Response Success

------------------------------------------------------------------------------
----------------------------------AutoLogOut----------------------------------
------------------------------------------------------------------------------
 28/02/2024 14:59:24 Client-Info Client Version: 0.12.0
 28/02/2024 14:59:24 Client-Info Client OS:      Windows
 28/02/2024 14:59:24 Client-Info Server Version: 1.5.9
 28/02/2024 14:59:24 Middleware::Response Success
------------------------------------------------------------------------------


------------------------------------------------------------------------------
-----------------------------DefaultPrinterManager----------------------------
------------------------------------------------------------------------------
 28/02/2024 14:59:24 Client-Info Client Version: 0.12.0
 28/02/2024 14:59:24 Client-Info Client OS:      Windows
 28/02/2024 14:59:24 Client-Info Server Version: 1.5.9
 28/02/2024 14:59:24 Middleware::Response Success
------------------------------------------------------------------------------


------------------------------------------------------------------------------
--------------------------------DisplayManager--------------------------------
------------------------------------------------------------------------------
 28/02/2024 14:59:24 Client-Info Client Version: 0.12.0
 28/02/2024 14:59:24 Client-Info Client OS:      Windows
 28/02/2024 14:59:24 Client-Info Server Version: 1.5.9
 28/02/2024 14:59:24 Middleware::Response Success
 28/02/2024 14:59:24 DisplayManager ERROR: Invalid settings provided
------------------------------------------------------------------------------

 28/02/2024 14:59:24 Service Sleeping for 137 seconds
 28/02/2024 15:01:41 Middleware::Response Success

------------------------------------------------------------------------------
----------------------------------AutoLogOut----------------------------------
------------------------------------------------------------------------------
 28/02/2024 15:01:41 Client-Info Client Version: 0.12.0
 28/02/2024 15:01:41 Client-Info Client OS:      Windows
 28/02/2024 15:01:41 Client-Info Server Version: 1.5.9
 28/02/2024 15:01:41 Middleware::Response Success
------------------------------------------------------------------------------


------------------------------------------------------------------------------
-----------------------------DefaultPrinterManager----------------------------
------------------------------------------------------------------------------
 28/02/2024 15:01:41 Client-Info Client Version: 0.12.0
 28/02/2024 15:01:41 Client-Info Client OS:      Windows
 28/02/2024 15:01:41 Client-Info Server Version: 1.5.9
 28/02/2024 15:01:41 Middleware::Response Success
------------------------------------------------------------------------------


------------------------------------------------------------------------------
--------------------------------DisplayManager--------------------------------
------------------------------------------------------------------------------
 28/02/2024 15:01:41 Client-Info Client Version: 0.12.0
 28/02/2024 15:01:41 Client-Info Client OS:      Windows
 28/02/2024 15:01:41 Client-Info Server Version: 1.5.9
 28/02/2024 15:01:41 Middleware::Response Success
 28/02/2024 15:01:41 DisplayManager ERROR: Invalid settings provided
------------------------------------------------------------------------------

 28/02/2024 15:01:41 Service Sleeping for 127 seconds
 28/02/2024 15:03:48 Middleware::Response Success

------------------------------------------------------------------------------
----------------------------------AutoLogOut----------------------------------
------------------------------------------------------------------------------
 28/02/2024 15:03:48 Client-Info Client Version: 0.12.0
 28/02/2024 15:03:48 Client-Info Client OS:      Windows
 28/02/2024 15:03:48 Client-Info Server Version: 1.5.9
 28/02/2024 15:03:48 Middleware::Response Success
------------------------------------------------------------------------------


------------------------------------------------------------------------------
-----------------------------DefaultPrinterManager----------------------------
------------------------------------------------------------------------------
 28/02/2024 15:03:48 Client-Info Client Version: 0.12.0
 28/02/2024 15:03:49 Client-Info Client OS:      Windows
 28/02/2024 15:03:49 Client-Info Server Version: 1.5.9
 28/02/2024 15:03:49 Middleware::Response Success
------------------------------------------------------------------------------


------------------------------------------------------------------------------
--------------------------------DisplayManager--------------------------------
------------------------------------------------------------------------------
 28/02/2024 15:03:49 Client-Info Client Version: 0.12.0
 28/02/2024 15:03:49 Client-Info Client OS:      Windows
 28/02/2024 15:03:49 Client-Info Server Version: 1.5.9
 28/02/2024 15:03:49 Middleware::Response Success
 28/02/2024 15:03:49 DisplayManager ERROR: Invalid settings provided
------------------------------------------------------------------------------

 28/02/2024 15:03:49 Service Sleeping for 78 seconds
 28/02/2024 15:05:07 Middleware::Response Success

------------------------------------------------------------------------------
----------------------------------AutoLogOut----------------------------------
------------------------------------------------------------------------------
 28/02/2024 15:05:07 Client-Info Client Version: 0.12.0
 28/02/2024 15:05:07 Client-Info Client OS:      Windows
 28/02/2024 15:05:07 Client-Info Server Version: 1.5.9
 28/02/2024 15:05:07 Middleware::Response Success
------------------------------------------------------------------------------


------------------------------------------------------------------------------
-----------------------------DefaultPrinterManager----------------------------
------------------------------------------------------------------------------
 28/02/2024 15:05:07 Client-Info Client Version: 0.12.0
 28/02/2024 15:05:07 Client-Info Client OS:      Windows
 28/02/2024 15:05:07 Client-Info Server Version: 1.5.9
 28/02/2024 15:05:07 Middleware::Response Success
------------------------------------------------------------------------------


------------------------------------------------------------------------------
--------------------------------DisplayManager--------------------------------
------------------------------------------------------------------------------
 28/02/2024 15:05:07 Client-Info Client Version: 0.12.0
 28/02/2024 15:05:07 Client-Info Client OS:      Windows
 28/02/2024 15:05:07 Client-Info Server Version: 1.5.9
 28/02/2024 15:05:07 Middleware::Response Success
 28/02/2024 15:05:07 DisplayManager ERROR: Invalid settings provided
------------------------------------------------------------------------------

 28/02/2024 15:05:07 Service Sleeping for 87 seconds
 28/02/2024 15:06:34 Middleware::Response Success

------------------------------------------------------------------------------
----------------------------------AutoLogOut----------------------------------
------------------------------------------------------------------------------
 28/02/2024 15:06:34 Client-Info Client Version: 0.12.0
 28/02/2024 15:06:34 Client-Info Client OS:      Windows
 28/02/2024 15:06:34 Client-Info Server Version: 1.5.9
 28/02/2024 15:06:34 Middleware::Response Success
------------------------------------------------------------------------------


------------------------------------------------------------------------------
-----------------------------DefaultPrinterManager----------------------------
------------------------------------------------------------------------------
 28/02/2024 15:06:34 Client-Info Client Version: 0.12.0
 28/02/2024 15:06:34 Client-Info Client OS:      Windows
 28/02/2024 15:06:34 Client-Info Server Version: 1.5.9
 28/02/2024 15:06:34 Middleware::Response Success
------------------------------------------------------------------------------


------------------------------------------------------------------------------
--------------------------------DisplayManager--------------------------------
------------------------------------------------------------------------------
 28/02/2024 15:06:34 Client-Info Client Version: 0.12.0
 28/02/2024 15:06:34 Client-Info Client OS:      Windows
 28/02/2024 15:06:34 Client-Info Server Version: 1.5.9
 28/02/2024 15:06:34 Middleware::Response Success
 28/02/2024 15:06:34 DisplayManager ERROR: Invalid settings provided
------------------------------------------------------------------------------

 28/02/2024 15:06:34 Service Sleeping for 119 seconds
 28/02/2024 15:08:33 Middleware::Response Success

------------------------------------------------------------------------------
----------------------------------AutoLogOut----------------------------------
------------------------------------------------------------------------------
 28/02/2024 15:08:33 Client-Info Client Version: 0.12.0
 28/02/2024 15:08:33 Client-Info Client OS:      Windows
 28/02/2024 15:08:33 Client-Info Server Version: 1.5.9
 28/02/2024 15:08:33 Middleware::Response Success
------------------------------------------------------------------------------


------------------------------------------------------------------------------
-----------------------------DefaultPrinterManager----------------------------
------------------------------------------------------------------------------
 28/02/2024 15:08:33 Client-Info Client Version: 0.12.0
 28/02/2024 15:08:33 Client-Info Client OS:      Windows
 28/02/2024 15:08:33 Client-Info Server Version: 1.5.9
 28/02/2024 15:08:33 Middleware::Response Success
------------------------------------------------------------------------------


------------------------------------------------------------------------------
--------------------------------DisplayManager--------------------------------
------------------------------------------------------------------------------
 28/02/2024 15:08:33 Client-Info Client Version: 0.12.0
 28/02/2024 15:08:33 Client-Info Client OS:      Windows
 28/02/2024 15:08:33 Client-Info Server Version: 1.5.9
 28/02/2024 15:08:33 Middleware::Response Success
 28/02/2024 15:08:33 DisplayManager ERROR: Invalid settings provided
------------------------------------------------------------------------------

 28/02/2024 15:08:33 Service Sleeping for 80 seconds
 28/02/2024 15:09:53 Middleware::Response Success

------------------------------------------------------------------------------
----------------------------------AutoLogOut----------------------------------
------------------------------------------------------------------------------
 28/02/2024 15:09:53 Client-Info Client Version: 0.12.0
 28/02/2024 15:09:53 Client-Info Client OS:      Windows
 28/02/2024 15:09:53 Client-Info Server Version: 1.5.9
 28/02/2024 15:09:53 Middleware::Response Success
------------------------------------------------------------------------------


------------------------------------------------------------------------------
-----------------------------DefaultPrinterManager----------------------------
------------------------------------------------------------------------------
 28/02/2024 15:09:53 Client-Info Client Version: 0.12.0
 28/02/2024 15:09:53 Client-Info Client OS:      Windows
 28/02/2024 15:09:53 Client-Info Server Version: 1.5.9
 28/02/2024 15:09:53 Middleware::Response Success
------------------------------------------------------------------------------


------------------------------------------------------------------------------
--------------------------------DisplayManager--------------------------------
------------------------------------------------------------------------------
 28/02/2024 15:09:53 Client-Info Client Version: 0.12.0
 28/02/2024 15:09:53 Client-Info Client OS:      Windows
 28/02/2024 15:09:53 Client-Info Server Version: 1.5.9
 28/02/2024 15:09:53 Middleware::Response Success
 28/02/2024 15:09:53 DisplayManager ERROR: Invalid settings provided
------------------------------------------------------------------------------

 28/02/2024 15:09:53 Service Sleeping for 146 seconds
 28/02/2024 15:12:19 Middleware::Response Success

------------------------------------------------------------------------------
----------------------------------AutoLogOut----------------------------------
------------------------------------------------------------------------------
 28/02/2024 15:12:19 Client-Info Client Version: 0.12.0
 28/02/2024 15:12:19 Client-Info Client OS:      Windows
 28/02/2024 15:12:19 Client-Info Server Version: 1.5.9
 28/02/2024 15:12:19 Middleware::Response Success
------------------------------------------------------------------------------


------------------------------------------------------------------------------
-----------------------------DefaultPrinterManager----------------------------
------------------------------------------------------------------------------
 28/02/2024 15:12:19 Client-Info Client Version: 0.12.0
 28/02/2024 15:12:19 Client-Info Client OS:      Windows
 28/02/2024 15:12:19 Client-Info Server Version: 1.5.9
 28/02/2024 15:12:19 Middleware::Response Success
------------------------------------------------------------------------------


------------------------------------------------------------------------------
--------------------------------DisplayManager--------------------------------
------------------------------------------------------------------------------
 28/02/2024 15:12:19 Client-Info Client Version: 0.12.0
 28/02/2024 15:12:19 Client-Info Client OS:      Windows
 28/02/2024 15:12:19 Client-Info Server Version: 1.5.9
 28/02/2024 15:12:19 Middleware::Response Success
 28/02/2024 15:12:19 DisplayManager ERROR: Invalid settings provided
------------------------------------------------------------------------------

 28/02/2024 15:12:19 Service Sleeping for 95 seconds
 28/02/2024 15:13:54 Middleware::Response Success

------------------------------------------------------------------------------
----------------------------------AutoLogOut----------------------------------
------------------------------------------------------------------------------
 28/02/2024 15:13:54 Client-Info Client Version: 0.12.0
 28/02/2024 15:13:54 Client-Info Client OS:      Windows
 28/02/2024 15:13:54 Client-Info Server Version: 1.5.9
 28/02/2024 15:13:54 Middleware::Response Success
------------------------------------------------------------------------------


------------------------------------------------------------------------------
-----------------------------DefaultPrinterManager----------------------------
------------------------------------------------------------------------------
 28/02/2024 15:13:54 Client-Info Client Version: 0.12.0
 28/02/2024 15:13:54 Client-Info Client OS:      Windows
 28/02/2024 15:13:54 Client-Info Server Version: 1.5.9
 28/02/2024 15:13:54 Middleware::Response Success
------------------------------------------------------------------------------


------------------------------------------------------------------------------
--------------------------------DisplayManager--------------------------------
------------------------------------------------------------------------------
 28/02/2024 15:13:54 Client-Info Client Version: 0.12.0
 28/02/2024 15:13:54 Client-Info Client OS:      Windows
 28/02/2024 15:13:54 Client-Info Server Version: 1.5.9
 28/02/2024 15:13:54 Middleware::Response Success
 28/02/2024 15:13:54 DisplayManager ERROR: Invalid settings provided
------------------------------------------------------------------------------

 28/02/2024 15:13:54 Service Sleeping for 72 seconds
 28/02/2024 15:15:06 Middleware::Response Success

------------------------------------------------------------------------------
----------------------------------AutoLogOut----------------------------------
------------------------------------------------------------------------------
 28/02/2024 15:15:06 Client-Info Client Version: 0.12.0
 28/02/2024 15:15:06 Client-Info Client OS:      Windows
 28/02/2024 15:15:06 Client-Info Server Version: 1.5.9
 28/02/2024 15:15:06 Middleware::Response Success
------------------------------------------------------------------------------


------------------------------------------------------------------------------
-----------------------------DefaultPrinterManager----------------------------
------------------------------------------------------------------------------
 28/02/2024 15:15:06 Client-Info Client Version: 0.12.0
 28/02/2024 15:15:06 Client-Info Client OS:      Windows
 28/02/2024 15:15:06 Client-Info Server Version: 1.5.9
 28/02/2024 15:15:06 Middleware::Response Success
------------------------------------------------------------------------------


------------------------------------------------------------------------------
--------------------------------DisplayManager--------------------------------
------------------------------------------------------------------------------
 28/02/2024 15:15:06 Client-Info Client Version: 0.12.0
 28/02/2024 15:15:06 Client-Info Client OS:      Windows
 28/02/2024 15:15:06 Client-Info Server Version: 1.5.9
 28/02/2024 15:15:06 Middleware::Response Success
 28/02/2024 15:15:06 DisplayManager ERROR: Invalid settings provided
------------------------------------------------------------------------------

 28/02/2024 15:15:06 Service Sleeping for 61 seconds
 28/02/2024 15:16:07 Middleware::Response Success

------------------------------------------------------------------------------
----------------------------------AutoLogOut----------------------------------
------------------------------------------------------------------------------
 28/02/2024 15:16:07 Client-Info Client Version: 0.12.0
 28/02/2024 15:16:07 Client-Info Client OS:      Windows
 28/02/2024 15:16:07 Client-Info Server Version: 1.5.9
 28/02/2024 15:16:07 Middleware::Response Success
------------------------------------------------------------------------------


------------------------------------------------------------------------------
-----------------------------DefaultPrinterManager----------------------------
------------------------------------------------------------------------------
 28/02/2024 15:16:07 Client-Info Client Version: 0.12.0
 28/02/2024 15:16:07 Client-Info Client OS:      Windows
 28/02/2024 15:16:07 Client-Info Server Version: 1.5.9
 28/02/2024 15:16:07 Middleware::Response Success
------------------------------------------------------------------------------


------------------------------------------------------------------------------
--------------------------------DisplayManager--------------------------------
------------------------------------------------------------------------------
 28/02/2024 15:16:07 Client-Info Client Version: 0.12.0
 28/02/2024 15:16:07 Client-Info Client OS:      Windows
 28/02/2024 15:16:07 Client-Info Server Version: 1.5.9
 28/02/2024 15:16:07 Middleware::Response Success
 28/02/2024 15:16:07 DisplayManager ERROR: Invalid settings provided
------------------------------------------------------------------------------

 28/02/2024 15:16:07 Service Sleeping for 123 seconds
 28/02/2024 15:18:10 Middleware::Response Success

------------------------------------------------------------------------------
----------------------------------AutoLogOut----------------------------------
------------------------------------------------------------------------------
 28/02/2024 15:18:10 Client-Info Client Version: 0.12.0
 28/02/2024 15:18:10 Client-Info Client OS:      Windows
 28/02/2024 15:18:10 Client-Info Server Version: 1.5.9
 28/02/2024 15:18:10 Middleware::Response Success
------------------------------------------------------------------------------


------------------------------------------------------------------------------
-----------------------------DefaultPrinterManager----------------------------
------------------------------------------------------------------------------
 28/02/2024 15:18:10 Client-Info Client Version: 0.12.0
 28/02/2024 15:18:10 Client-Info Client OS:      Windows
 28/02/2024 15:18:10 Client-Info Server Version: 1.5.9
 28/02/2024 15:18:10 Middleware::Response Success
------------------------------------------------------------------------------


------------------------------------------------------------------------------
--------------------------------DisplayManager--------------------------------
------------------------------------------------------------------------------
 28/02/2024 15:18:10 Client-Info Client Version: 0.12.0
 28/02/2024 15:18:10 Client-Info Client OS:      Windows
 28/02/2024 15:18:10 Client-Info Server Version: 1.5.9
 28/02/2024 15:18:10 Middleware::Response Success
 28/02/2024 15:18:10 DisplayManager ERROR: Invalid settings provided
------------------------------------------------------------------------------

 28/02/2024 15:18:10 Service Sleeping for 63 seconds
 28/02/2024 15:19:13 Middleware::Response Success

------------------------------------------------------------------------------
----------------------------------AutoLogOut----------------------------------
------------------------------------------------------------------------------
 28/02/2024 15:19:13 Client-Info Client Version: 0.12.0
 28/02/2024 15:19:13 Client-Info Client OS:      Windows
 28/02/2024 15:19:13 Client-Info Server Version: 1.5.9
 28/02/2024 15:19:13 Middleware::Response Success
------------------------------------------------------------------------------


------------------------------------------------------------------------------
-----------------------------DefaultPrinterManager----------------------------
------------------------------------------------------------------------------
 28/02/2024 15:19:13 Client-Info Client Version: 0.12.0
 28/02/2024 15:19:13 Client-Info Client OS:      Windows
 28/02/2024 15:19:13 Client-Info Server Version: 1.5.9
 28/02/2024 15:19:13 Middleware::Response Success
------------------------------------------------------------------------------


------------------------------------------------------------------------------
--------------------------------DisplayManager--------------------------------
------------------------------------------------------------------------------
 28/02/2024 15:19:13 Client-Info Client Version: 0.12.0
 28/02/2024 15:19:13 Client-Info Client OS:      Windows
 28/02/2024 15:19:13 Client-Info Server Version: 1.5.9
 28/02/2024 15:19:13 Middleware::Response Success
 28/02/2024 15:19:13 DisplayManager ERROR: Invalid settings provided
------------------------------------------------------------------------------

 28/02/2024 15:19:13 Service Sleeping for 114 seconds
 28/02/2024 15:21:07 Middleware::Response Success

------------------------------------------------------------------------------
----------------------------------AutoLogOut----------------------------------
------------------------------------------------------------------------------
 28/02/2024 15:21:07 Client-Info Client Version: 0.12.0
 28/02/2024 15:21:07 Client-Info Client OS:      Windows
 28/02/2024 15:21:07 Client-Info Server Version: 1.5.9
 28/02/2024 15:21:07 Middleware::Response Success
------------------------------------------------------------------------------


------------------------------------------------------------------------------
-----------------------------DefaultPrinterManager----------------------------
------------------------------------------------------------------------------
 28/02/2024 15:21:07 Client-Info Client Version: 0.12.0
 28/02/2024 15:21:07 Client-Info Client OS:      Windows
 28/02/2024 15:21:07 Client-Info Server Version: 1.5.9
 28/02/2024 15:21:07 Middleware::Response Success
------------------------------------------------------------------------------


------------------------------------------------------------------------------
--------------------------------DisplayManager--------------------------------
------------------------------------------------------------------------------
 28/02/2024 15:21:07 Client-Info Client Version: 0.12.0
 28/02/2024 15:21:07 Client-Info Client OS:      Windows
 28/02/2024 15:21:07 Client-Info Server Version: 1.5.9
 28/02/2024 15:21:07 Middleware::Response Success
 28/02/2024 15:21:07 DisplayManager ERROR: Invalid settings provided
------------------------------------------------------------------------------

 28/02/2024 15:21:07 Service Sleeping for 123 seconds
 28/02/2024 15:23:10 Middleware::Response Success

------------------------------------------------------------------------------
----------------------------------AutoLogOut----------------------------------
------------------------------------------------------------------------------
 28/02/2024 15:23:10 Client-Info Client Version: 0.12.0
 28/02/2024 15:23:10 Client-Info Client OS:      Windows
 28/02/2024 15:23:10 Client-Info Server Version: 1.5.9
 28/02/2024 15:23:10 Middleware::Response Success
------------------------------------------------------------------------------


------------------------------------------------------------------------------
-----------------------------DefaultPrinterManager----------------------------
------------------------------------------------------------------------------
 28/02/2024 15:23:10 Client-Info Client Version: 0.12.0
 28/02/2024 15:23:10 Client-Info Client OS:      Windows
 28/02/2024 15:23:10 Client-Info Server Version: 1.5.9
 28/02/2024 15:23:10 Middleware::Response Success
------------------------------------------------------------------------------


------------------------------------------------------------------------------
--------------------------------DisplayManager--------------------------------
------------------------------------------------------------------------------
 28/02/2024 15:23:10 Client-Info Client Version: 0.12.0
 28/02/2024 15:23:10 Client-Info Client OS:      Windows
 28/02/2024 15:23:10 Client-Info Server Version: 1.5.9
 28/02/2024 15:23:10 Middleware::Response Success
 28/02/2024 15:23:10 DisplayManager ERROR: Invalid settings provided
------------------------------------------------------------------------------

 28/02/2024 15:23:10 Service Sleeping for 136 seconds
 28/02/2024 15:25:26 Middleware::Response Success

------------------------------------------------------------------------------
----------------------------------AutoLogOut----------------------------------
------------------------------------------------------------------------------
 28/02/2024 15:25:26 Client-Info Client Version: 0.12.0
 28/02/2024 15:25:26 Client-Info Client OS:      Windows
 28/02/2024 15:25:26 Client-Info Server Version: 1.5.9
 28/02/2024 15:25:26 Middleware::Response Success
------------------------------------------------------------------------------


------------------------------------------------------------------------------
-----------------------------DefaultPrinterManager----------------------------
------------------------------------------------------------------------------
 28/02/2024 15:25:26 Client-Info Client Version: 0.12.0
 28/02/2024 15:25:26 Client-Info Client OS:      Windows
 28/02/2024 15:25:26 Client-Info Server Version: 1.5.9
 28/02/2024 15:25:26 Middleware::Response Success
------------------------------------------------------------------------------


------------------------------------------------------------------------------
--------------------------------DisplayManager--------------------------------
------------------------------------------------------------------------------
 28/02/2024 15:25:26 Client-Info Client Version: 0.12.0
 28/02/2024 15:25:26 Client-Info Client OS:      Windows
 28/02/2024 15:25:26 Client-Info Server Version: 1.5.9
 28/02/2024 15:25:26 Middleware::Response Success
 28/02/2024 15:25:26 DisplayManager ERROR: Invalid settings provided
------------------------------------------------------------------------------

 28/02/2024 15:25:26 Service Sleeping for 104 seconds
 28/02/2024 15:27:10 Middleware::Response Success

------------------------------------------------------------------------------
----------------------------------AutoLogOut----------------------------------
------------------------------------------------------------------------------
 28/02/2024 15:27:10 Client-Info Client Version: 0.12.0
 28/02/2024 15:27:10 Client-Info Client OS:      Windows
 28/02/2024 15:27:10 Client-Info Server Version: 1.5.9
 28/02/2024 15:27:10 Middleware::Response Success
------------------------------------------------------------------------------


------------------------------------------------------------------------------
-----------------------------DefaultPrinterManager----------------------------
------------------------------------------------------------------------------
 28/02/2024 15:27:10 Client-Info Client Version: 0.12.0
 28/02/2024 15:27:10 Client-Info Client OS:      Windows
 28/02/2024 15:27:10 Client-Info Server Version: 1.5.9
 28/02/2024 15:27:10 Middleware::Response Success
------------------------------------------------------------------------------


------------------------------------------------------------------------------
--------------------------------DisplayManager--------------------------------
------------------------------------------------------------------------------
 28/02/2024 15:27:10 Client-Info Client Version: 0.12.0
 28/02/2024 15:27:10 Client-Info Client OS:      Windows
 28/02/2024 15:27:10 Client-Info Server Version: 1.5.9
 28/02/2024 15:27:10 Middleware::Response Success
 28/02/2024 15:27:10 DisplayManager ERROR: Invalid settings provided
------------------------------------------------------------------------------

 28/02/2024 15:27:10 Service Sleeping for 139 seconds
 28/02/2024 15:29:29 Middleware::Response Success

------------------------------------------------------------------------------
----------------------------------AutoLogOut----------------------------------
------------------------------------------------------------------------------
 28/02/2024 15:29:29 Client-Info Client Version: 0.12.0
 28/02/2024 15:29:29 Client-Info Client OS:      Windows
 28/02/2024 15:29:29 Client-Info Server Version: 1.5.9
 28/02/2024 15:29:29 Middleware::Response Success
------------------------------------------------------------------------------


------------------------------------------------------------------------------
-----------------------------DefaultPrinterManager----------------------------
------------------------------------------------------------------------------
 28/02/2024 15:29:29 Client-Info Client Version: 0.12.0
 28/02/2024 15:29:29 Client-Info Client OS:      Windows
 28/02/2024 15:29:29 Client-Info Server Version: 1.5.9
 28/02/2024 15:29:29 Middleware::Response Success
------------------------------------------------------------------------------


------------------------------------------------------------------------------
--------------------------------DisplayManager--------------------------------
------------------------------------------------------------------------------
 28/02/2024 15:29:29 Client-Info Client Version: 0.12.0
 28/02/2024 15:29:29 Client-Info Client OS:      Windows
 28/02/2024 15:29:29 Client-Info Server Version: 1.5.9
 28/02/2024 15:29:29 Middleware::Response Success
 28/02/2024 15:29:29 DisplayManager ERROR: Invalid settings provided
------------------------------------------------------------------------------

 28/02/2024 15:29:29 Service Sleeping for 106 seconds
 28/02/2024 15:31:15 Middleware::Response Success

------------------------------------------------------------------------------
----------------------------------AutoLogOut----------------------------------
------------------------------------------------------------------------------
 28/02/2024 15:31:15 Client-Info Client Version: 0.12.0
 28/02/2024 15:31:15 Client-Info Client OS:      Windows
 28/02/2024 15:31:15 Client-Info Server Version: 1.5.9
 28/02/2024 15:31:15 Middleware::Response Success
------------------------------------------------------------------------------


------------------------------------------------------------------------------
-----------------------------DefaultPrinterManager----------------------------
------------------------------------------------------------------------------
 28/02/2024 15:31:16 Client-Info Client Version: 0.12.0
 28/02/2024 15:31:16 Client-Info Client OS:      Windows
 28/02/2024 15:31:16 Client-Info Server Version: 1.5.9
 28/02/2024 15:31:16 Middleware::Response Success
------------------------------------------------------------------------------


------------------------------------------------------------------------------
--------------------------------DisplayManager--------------------------------
------------------------------------------------------------------------------
 28/02/2024 15:31:16 Client-Info Client Version: 0.12.0
 28/02/2024 15:31:16 Client-Info Client OS:      Windows
 28/02/2024 15:31:16 Client-Info Server Version: 1.5.9
 28/02/2024 15:31:16 Middleware::Response Success
 28/02/2024 15:31:16 DisplayManager ERROR: Invalid settings provided
------------------------------------------------------------------------------

 28/02/2024 15:31:16 Service Sleeping for 118 seconds
 28/02/2024 15:33:14 Middleware::Response Success

------------------------------------------------------------------------------
----------------------------------AutoLogOut----------------------------------
------------------------------------------------------------------------------
 28/02/2024 15:33:14 Client-Info Client Version: 0.12.0
 28/02/2024 15:33:14 Client-Info Client OS:      Windows
 28/02/2024 15:33:14 Client-Info Server Version: 1.5.9
 28/02/2024 15:33:14 Middleware::Response Success
------------------------------------------------------------------------------


------------------------------------------------------------------------------
-----------------------------DefaultPrinterManager----------------------------
------------------------------------------------------------------------------
 28/02/2024 15:33:14 Client-Info Client Version: 0.12.0
 28/02/2024 15:33:14 Client-Info Client OS:      Windows
 28/02/2024 15:33:14 Client-Info Server Version: 1.5.9
 28/02/2024 15:33:14 Middleware::Response Success
------------------------------------------------------------------------------


------------------------------------------------------------------------------
--------------------------------DisplayManager--------------------------------
------------------------------------------------------------------------------
 28/02/2024 15:33:14 Client-Info Client Version: 0.12.0
 28/02/2024 15:33:14 Client-Info Client OS:      Windows
 28/02/2024 15:33:14 Client-Info Server Version: 1.5.9
 28/02/2024 15:33:14 Middleware::Response Success
 28/02/2024 15:33:14 DisplayManager ERROR: Invalid settings provided
------------------------------------------------------------------------------

 28/02/2024 15:33:14 Service Sleeping for 139 seconds
 28/02/2024 15:35:33 Middleware::Response Success

------------------------------------------------------------------------------
----------------------------------AutoLogOut----------------------------------
------------------------------------------------------------------------------
 28/02/2024 15:35:33 Client-Info Client Version: 0.12.0
 28/02/2024 15:35:33 Client-Info Client OS:      Windows
 28/02/2024 15:35:33 Client-Info Server Version: 1.5.9
 28/02/2024 15:35:33 Middleware::Response Success
------------------------------------------------------------------------------


------------------------------------------------------------------------------
-----------------------------DefaultPrinterManager----------------------------
------------------------------------------------------------------------------
 28/02/2024 15:35:33 Client-Info Client Version: 0.12.0
 28/02/2024 15:35:33 Client-Info Client OS:      Windows
 28/02/2024 15:35:33 Client-Info Server Version: 1.5.9
 28/02/2024 15:35:33 Middleware::Response Success
------------------------------------------------------------------------------


------------------------------------------------------------------------------
--------------------------------DisplayManager--------------------------------
------------------------------------------------------------------------------
 28/02/2024 15:35:33 Client-Info Client Version: 0.12.0
 28/02/2024 15:35:33 Client-Info Client OS:      Windows
 28/02/2024 15:35:33 Client-Info Server Version: 1.5.9
 28/02/2024 15:35:33 Middleware::Response Success
 28/02/2024 15:35:33 DisplayManager ERROR: Invalid settings provided
------------------------------------------------------------------------------

 28/02/2024 15:35:33 Service Sleeping for 68 seconds
 28/02/2024 15:36:41 Middleware::Response Success

------------------------------------------------------------------------------
----------------------------------AutoLogOut----------------------------------
------------------------------------------------------------------------------
 28/02/2024 15:36:41 Client-Info Client Version: 0.12.0
 28/02/2024 15:36:41 Client-Info Client OS:      Windows
 28/02/2024 15:36:41 Client-Info Server Version: 1.5.9
 28/02/2024 15:36:41 Middleware::Response Success
------------------------------------------------------------------------------


------------------------------------------------------------------------------
-----------------------------DefaultPrinterManager----------------------------
------------------------------------------------------------------------------
 28/02/2024 15:36:41 Client-Info Client Version: 0.12.0
 28/02/2024 15:36:41 Client-Info Client OS:      Windows
 28/02/2024 15:36:41 Client-Info Server Version: 1.5.9
 28/02/2024 15:36:41 Middleware::Response Success
------------------------------------------------------------------------------


------------------------------------------------------------------------------
--------------------------------DisplayManager--------------------------------
------------------------------------------------------------------------------
 28/02/2024 15:36:41 Client-Info Client Version: 0.12.0
 28/02/2024 15:36:41 Client-Info Client OS:      Windows
 28/02/2024 15:36:41 Client-Info Server Version: 1.5.9
 28/02/2024 15:36:41 Middleware::Response Success
 28/02/2024 15:36:41 DisplayManager ERROR: Invalid settings provided
------------------------------------------------------------------------------

 28/02/2024 15:36:41 Service Sleeping for 114 seconds
 28/02/2024 15:38:35 Middleware::Response Success

------------------------------------------------------------------------------
----------------------------------AutoLogOut----------------------------------
------------------------------------------------------------------------------
 28/02/2024 15:38:35 Client-Info Client Version: 0.12.0
 28/02/2024 15:38:35 Client-Info Client OS:      Windows
 28/02/2024 15:38:35 Client-Info Server Version: 1.5.9
 28/02/2024 15:38:35 Middleware::Response Success
------------------------------------------------------------------------------


------------------------------------------------------------------------------
-----------------------------DefaultPrinterManager----------------------------
------------------------------------------------------------------------------
 28/02/2024 15:38:35 Client-Info Client Version: 0.12.0
 28/02/2024 15:38:35 Client-Info Client OS:      Windows
 28/02/2024 15:38:35 Client-Info Server Version: 1.5.9
 28/02/2024 15:38:35 Middleware::Response Success
------------------------------------------------------------------------------


------------------------------------------------------------------------------
--------------------------------DisplayManager--------------------------------
------------------------------------------------------------------------------
 28/02/2024 15:38:35 Client-Info Client Version: 0.12.0
 28/02/2024 15:38:35 Client-Info Client OS:      Windows
 28/02/2024 15:38:35 Client-Info Server Version: 1.5.9
 28/02/2024 15:38:35 Middleware::Response Success
 28/02/2024 15:38:35 DisplayManager ERROR: Invalid settings provided
------------------------------------------------------------------------------

 28/02/2024 15:38:35 Service Sleeping for 73 seconds
 28/02/2024 15:39:48 Middleware::Response Success

------------------------------------------------------------------------------
----------------------------------AutoLogOut----------------------------------
------------------------------------------------------------------------------
 28/02/2024 15:39:48 Client-Info Client Version: 0.12.0
 28/02/2024 15:39:48 Client-Info Client OS:      Windows
 28/02/2024 15:39:48 Client-Info Server Version: 1.5.9
 28/02/2024 15:39:48 Middleware::Response Success
------------------------------------------------------------------------------


------------------------------------------------------------------------------
-----------------------------DefaultPrinterManager----------------------------
------------------------------------------------------------------------------
 28/02/2024 15:39:48 Client-Info Client Version: 0.12.0
 28/02/2024 15:39:48 Client-Info Client OS:      Windows
 28/02/2024 15:39:48 Client-Info Server Version: 1.5.9
 28/02/2024 15:39:48 Middleware::Response Success
------------------------------------------------------------------------------


------------------------------------------------------------------------------
--------------------------------DisplayManager--------------------------------
------------------------------------------------------------------------------
 28/02/2024 15:39:48 Client-Info Client Version: 0.12.0
 28/02/2024 15:39:48 Client-Info Client OS:      Windows
 28/02/2024 15:39:48 Client-Info Server Version: 1.5.9
 28/02/2024 15:39:48 Middleware::Response Success
 28/02/2024 15:39:48 DisplayManager ERROR: Invalid settings provided
------------------------------------------------------------------------------

 28/02/2024 15:39:48 Service Sleeping for 136 seconds
 28/02/2024 15:42:04 Middleware::Response Success

------------------------------------------------------------------------------
----------------------------------AutoLogOut----------------------------------
------------------------------------------------------------------------------
 28/02/2024 15:42:04 Client-Info Client Version: 0.12.0
 28/02/2024 15:42:04 Client-Info Client OS:      Windows
 28/02/2024 15:42:04 Client-Info Server Version: 1.5.9
 28/02/2024 15:42:04 Middleware::Response Success
------------------------------------------------------------------------------


------------------------------------------------------------------------------
-----------------------------DefaultPrinterManager----------------------------
------------------------------------------------------------------------------
 28/02/2024 15:42:04 Client-Info Client Version: 0.12.0
 28/02/2024 15:42:04 Client-Info Client OS:      Windows
 28/02/2024 15:42:04 Client-Info Server Version: 1.5.9
 28/02/2024 15:42:04 Middleware::Response Success
------------------------------------------------------------------------------


------------------------------------------------------------------------------
--------------------------------DisplayManager--------------------------------
------------------------------------------------------------------------------
 28/02/2024 15:42:04 Client-Info Client Version: 0.12.0
 28/02/2024 15:42:04 Client-Info Client OS:      Windows
 28/02/2024 15:42:04 Client-Info Server Version: 1.5.9
 28/02/2024 15:42:04 Middleware::Response Success
 28/02/2024 15:42:04 DisplayManager ERROR: Invalid settings provided
------------------------------------------------------------------------------

 28/02/2024 15:42:04 Service Sleeping for 82 seconds
 28/02/2024 15:43:26 Middleware::Response Success

------------------------------------------------------------------------------
----------------------------------AutoLogOut----------------------------------
------------------------------------------------------------------------------
 28/02/2024 15:43:26 Client-Info Client Version: 0.12.0
 28/02/2024 15:43:26 Client-Info Client OS:      Windows
 28/02/2024 15:43:26 Client-Info Server Version: 1.5.9
 28/02/2024 15:43:26 Middleware::Response Success
------------------------------------------------------------------------------


------------------------------------------------------------------------------
-----------------------------DefaultPrinterManager----------------------------
------------------------------------------------------------------------------
 28/02/2024 15:43:26 Client-Info Client Version: 0.12.0
 28/02/2024 15:43:26 Client-Info Client OS:      Windows
 28/02/2024 15:43:26 Client-Info Server Version: 1.5.9
 28/02/2024 15:43:26 Middleware::Response Success
------------------------------------------------------------------------------


------------------------------------------------------------------------------
--------------------------------DisplayManager--------------------------------
------------------------------------------------------------------------------
 28/02/2024 15:43:26 Client-Info Client Version: 0.12.0
 28/02/2024 15:43:26 Client-Info Client OS:      Windows
 28/02/2024 15:43:26 Client-Info Server Version: 1.5.9
 28/02/2024 15:43:26 Middleware::Response Success
 28/02/2024 15:43:26 DisplayManager ERROR: Invalid settings provided
------------------------------------------------------------------------------

 28/02/2024 15:43:26 Service Sleeping for 130 seconds
 28/02/2024 15:45:36 Middleware::Response Success

------------------------------------------------------------------------------
----------------------------------AutoLogOut----------------------------------
------------------------------------------------------------------------------
 28/02/2024 15:45:36 Client-Info Client Version: 0.12.0
 28/02/2024 15:45:36 Client-Info Client OS:      Windows
 28/02/2024 15:45:36 Client-Info Server Version: 1.5.9
 28/02/2024 15:45:36 Middleware::Response Success
------------------------------------------------------------------------------


------------------------------------------------------------------------------
-----------------------------DefaultPrinterManager----------------------------
------------------------------------------------------------------------------
 28/02/2024 15:45:36 Client-Info Client Version: 0.12.0
 28/02/2024 15:45:36 Client-Info Client OS:      Windows
 28/02/2024 15:45:36 Client-Info Server Version: 1.5.9
 28/02/2024 15:45:36 Middleware::Response Success
------------------------------------------------------------------------------


------------------------------------------------------------------------------
--------------------------------DisplayManager--------------------------------
------------------------------------------------------------------------------
 28/02/2024 15:45:36 Client-Info Client Version: 0.12.0
 28/02/2024 15:45:36 Client-Info Client OS:      Windows
 28/02/2024 15:45:36 Client-Info Server Version: 1.5.9
 28/02/2024 15:45:36 Middleware::Response Success
 28/02/2024 15:45:36 DisplayManager ERROR: Invalid settings provided
------------------------------------------------------------------------------

 28/02/2024 15:45:36 Service Sleeping for 84 seconds
 28/02/2024 15:47:00 Middleware::Response Success

------------------------------------------------------------------------------
----------------------------------AutoLogOut----------------------------------
------------------------------------------------------------------------------
 28/02/2024 15:47:00 Client-Info Client Version: 0.12.0
 28/02/2024 15:47:00 Client-Info Client OS:      Windows
 28/02/2024 15:47:00 Client-Info Server Version: 1.5.9
 28/02/2024 15:47:00 Middleware::Response Success
------------------------------------------------------------------------------


------------------------------------------------------------------------------
-----------------------------DefaultPrinterManager----------------------------
------------------------------------------------------------------------------
 28/02/2024 15:47:00 Client-Info Client Version: 0.12.0
 28/02/2024 15:47:00 Client-Info Client OS:      Windows
 28/02/2024 15:47:00 Client-Info Server Version: 1.5.9
 28/02/2024 15:47:00 Middleware::Response Success
------------------------------------------------------------------------------


------------------------------------------------------------------------------
--------------------------------DisplayManager--------------------------------
------------------------------------------------------------------------------
 28/02/2024 15:47:00 Client-Info Client Version: 0.12.0
 28/02/2024 15:47:00 Client-Info Client OS:      Windows
 28/02/2024 15:47:00 Client-Info Server Version: 1.5.9
 28/02/2024 15:47:00 Middleware::Response Success
 28/02/2024 15:47:00 DisplayManager ERROR: Invalid settings provided
------------------------------------------------------------------------------

 28/02/2024 15:47:00 Service Sleeping for 131 seconds
 28/02/2024 15:49:11 Middleware::Response Success

------------------------------------------------------------------------------
----------------------------------AutoLogOut----------------------------------
------------------------------------------------------------------------------
 28/02/2024 15:49:11 Client-Info Client Version: 0.12.0
 28/02/2024 15:49:11 Client-Info Client OS:      Windows
 28/02/2024 15:49:11 Client-Info Server Version: 1.5.9
 28/02/2024 15:49:11 Middleware::Response Success
------------------------------------------------------------------------------


------------------------------------------------------------------------------
-----------------------------DefaultPrinterManager----------------------------
------------------------------------------------------------------------------
 28/02/2024 15:49:11 Client-Info Client Version: 0.12.0
 28/02/2024 15:49:11 Client-Info Client OS:      Windows
 28/02/2024 15:49:11 Client-Info Server Version: 1.5.9
 28/02/2024 15:49:11 Middleware::Response Success
------------------------------------------------------------------------------


------------------------------------------------------------------------------
--------------------------------DisplayManager--------------------------------
------------------------------------------------------------------------------
 28/02/2024 15:49:11 Client-Info Client Version: 0.12.0
 28/02/2024 15:49:11 Client-Info Client OS:      Windows
 28/02/2024 15:49:11 Client-Info Server Version: 1.5.9
 28/02/2024 15:49:11 Middleware::Response Success
 28/02/2024 15:49:11 DisplayManager ERROR: Invalid settings provided
------------------------------------------------------------------------------

 28/02/2024 15:49:11 Service Sleeping for 77 seconds
 28/02/2024 15:50:28 Middleware::Response Success

------------------------------------------------------------------------------
----------------------------------AutoLogOut----------------------------------
------------------------------------------------------------------------------
 28/02/2024 15:50:28 Client-Info Client Version: 0.12.0
 28/02/2024 15:50:28 Client-Info Client OS:      Windows
 28/02/2024 15:50:28 Client-Info Server Version: 1.5.9
 28/02/2024 15:50:28 Middleware::Response Success
------------------------------------------------------------------------------


------------------------------------------------------------------------------
-----------------------------DefaultPrinterManager----------------------------
------------------------------------------------------------------------------
 28/02/2024 15:50:28 Client-Info Client Version: 0.12.0
 28/02/2024 15:50:28 Client-Info Client OS:      Windows
 28/02/2024 15:50:28 Client-Info Server Version: 1.5.9
 28/02/2024 15:50:28 Middleware::Response Success
------------------------------------------------------------------------------


------------------------------------------------------------------------------
--------------------------------DisplayManager--------------------------------
------------------------------------------------------------------------------
 28/02/2024 15:50:28 Client-Info Client Version: 0.12.0
 28/02/2024 15:50:28 Client-Info Client OS:      Windows
 28/02/2024 15:50:28 Client-Info Server Version: 1.5.9
 28/02/2024 15:50:28 Middleware::Response Success
 28/02/2024 15:50:28 DisplayManager ERROR: Invalid settings provided
------------------------------------------------------------------------------

 28/02/2024 15:50:28 Service Sleeping for 83 seconds
 28/02/2024 15:51:51 Middleware::Response Success

------------------------------------------------------------------------------
----------------------------------AutoLogOut----------------------------------
------------------------------------------------------------------------------
 28/02/2024 15:51:51 Client-Info Client Version: 0.12.0
 28/02/2024 15:51:51 Client-Info Client OS:      Windows
 28/02/2024 15:51:51 Client-Info Server Version: 1.5.9
 28/02/2024 15:51:51 Middleware::Response Success
------------------------------------------------------------------------------


------------------------------------------------------------------------------
-----------------------------DefaultPrinterManager----------------------------
------------------------------------------------------------------------------
 28/02/2024 15:51:51 Client-Info Client Version: 0.12.0
 28/02/2024 15:51:51 Client-Info Client OS:      Windows
 28/02/2024 15:51:51 Client-Info Server Version: 1.5.9
 28/02/2024 15:51:51 Middleware::Response Success
------------------------------------------------------------------------------


------------------------------------------------------------------------------
--------------------------------DisplayManager--------------------------------
------------------------------------------------------------------------------
 28/02/2024 15:51:51 Client-Info Client Version: 0.12.0
 28/02/2024 15:51:51 Client-Info Client OS:      Windows
 28/02/2024 15:51:51 Client-Info Server Version: 1.5.9
 28/02/2024 15:51:51 Middleware::Response Success
 28/02/2024 15:51:51 DisplayManager ERROR: Invalid settings provided
------------------------------------------------------------------------------

 28/02/2024 15:51:51 Service Sleeping for 69 seconds
 28/02/2024 15:53:00 Middleware::Response Success

------------------------------------------------------------------------------
----------------------------------AutoLogOut----------------------------------
------------------------------------------------------------------------------
 28/02/2024 15:53:00 Client-Info Client Version: 0.12.0
 28/02/2024 15:53:00 Client-Info Client OS:      Windows
 28/02/2024 15:53:00 Client-Info Server Version: 1.5.9
 28/02/2024 15:53:00 Middleware::Response Success
------------------------------------------------------------------------------


------------------------------------------------------------------------------
-----------------------------DefaultPrinterManager----------------------------
------------------------------------------------------------------------------
 28/02/2024 15:53:00 Client-Info Client Version: 0.12.0
 28/02/2024 15:53:00 Client-Info Client OS:      Windows
 28/02/2024 15:53:00 Client-Info Server Version: 1.5.9
 28/02/2024 15:53:00 Middleware::Response Success
------------------------------------------------------------------------------


------------------------------------------------------------------------------
--------------------------------DisplayManager--------------------------------
------------------------------------------------------------------------------
 28/02/2024 15:53:00 Client-Info Client Version: 0.12.0
 28/02/2024 15:53:00 Client-Info Client OS:      Windows
 28/02/2024 15:53:00 Client-Info Server Version: 1.5.9
 28/02/2024 15:53:00 Middleware::Response Success
 28/02/2024 15:53:00 DisplayManager ERROR: Invalid settings provided
------------------------------------------------------------------------------

 28/02/2024 15:53:00 Service Sleeping for 118 seconds
 28/02/2024 15:54:58 Middleware::Response Success

------------------------------------------------------------------------------
----------------------------------AutoLogOut----------------------------------
------------------------------------------------------------------------------
 28/02/2024 15:54:58 Client-Info Client Version: 0.12.0
 28/02/2024 15:54:58 Client-Info Client OS:      Windows
 28/02/2024 15:54:58 Client-Info Server Version: 1.5.9
 28/02/2024 15:54:58 Middleware::Response Success
------------------------------------------------------------------------------


------------------------------------------------------------------------------
-----------------------------DefaultPrinterManager----------------------------
------------------------------------------------------------------------------
 28/02/2024 15:54:59 Client-Info Client Version: 0.12.0
 28/02/2024 15:54:59 Client-Info Client OS:      Windows
 28/02/2024 15:54:59 Client-Info Server Version: 1.5.9
 28/02/2024 15:54:59 Middleware::Response Success
------------------------------------------------------------------------------


------------------------------------------------------------------------------
--------------------------------DisplayManager--------------------------------
------------------------------------------------------------------------------
 28/02/2024 15:54:59 Client-Info Client Version: 0.12.0
 28/02/2024 15:54:59 Client-Info Client OS:      Windows
 28/02/2024 15:54:59 Client-Info Server Version: 1.5.9
 28/02/2024 15:54:59 Middleware::Response Success
 28/02/2024 15:54:59 DisplayManager ERROR: Invalid settings provided
------------------------------------------------------------------------------

 28/02/2024 15:54:59 Service Sleeping for 79 seconds
 28/02/2024 15:56:18 Middleware::Response Success

------------------------------------------------------------------------------
----------------------------------AutoLogOut----------------------------------
------------------------------------------------------------------------------
 28/02/2024 15:56:18 Client-Info Client Version: 0.12.0
 28/02/2024 15:56:18 Client-Info Client OS:      Windows
 28/02/2024 15:56:18 Client-Info Server Version: 1.5.9
 28/02/2024 15:56:18 Middleware::Response Success
------------------------------------------------------------------------------


------------------------------------------------------------------------------
-----------------------------DefaultPrinterManager----------------------------
------------------------------------------------------------------------------
 28/02/2024 15:56:18 Client-Info Client Version: 0.12.0
 28/02/2024 15:56:18 Client-Info Client OS:      Windows
 28/02/2024 15:56:18 Client-Info Server Version: 1.5.9
 28/02/2024 15:56:18 Middleware::Response Success
------------------------------------------------------------------------------


------------------------------------------------------------------------------
--------------------------------DisplayManager--------------------------------
------------------------------------------------------------------------------
 28/02/2024 15:56:18 Client-Info Client Version: 0.12.0
 28/02/2024 15:56:18 Client-Info Client OS:      Windows
 28/02/2024 15:56:18 Client-Info Server Version: 1.5.9
 28/02/2024 15:56:18 Middleware::Response Success
 28/02/2024 15:56:18 DisplayManager ERROR: Invalid settings provided
------------------------------------------------------------------------------

 28/02/2024 15:56:18 Service Sleeping for 142 seconds
 28/02/2024 15:58:40 Middleware::Response Success

------------------------------------------------------------------------------
----------------------------------AutoLogOut----------------------------------
------------------------------------------------------------------------------
 28/02/2024 15:58:40 Client-Info Client Version: 0.12.0
 28/02/2024 15:58:40 Client-Info Client OS:      Windows
 28/02/2024 15:58:40 Client-Info Server Version: 1.5.9
 28/02/2024 15:58:40 Middleware::Response Success
------------------------------------------------------------------------------


------------------------------------------------------------------------------
-----------------------------DefaultPrinterManager----------------------------
------------------------------------------------------------------------------
 28/02/2024 15:58:40 Client-Info Client Version: 0.12.0
 28/02/2024 15:58:40 Client-Info Client OS:      Windows
 28/02/2024 15:58:40 Client-Info Server Version: 1.5.9
 28/02/2024 15:58:40 Middleware::Response Success
------------------------------------------------------------------------------


------------------------------------------------------------------------------
--------------------------------DisplayManager--------------------------------
------------------------------------------------------------------------------
 28/02/2024 15:58:40 Client-Info Client Version: 0.12.0
 28/02/2024 15:58:40 Client-Info Client OS:      Windows
 28/02/2024 15:58:40 Client-Info Server Version: 1.5.9
 28/02/2024 15:58:40 Middleware::Response Success
 28/02/2024 15:58:40 DisplayManager ERROR: Invalid settings provided
------------------------------------------------------------------------------

 28/02/2024 15:58:40 Service Sleeping for 61 seconds
 28/02/2024 15:59:41 Middleware::Response Success

------------------------------------------------------------------------------
----------------------------------AutoLogOut----------------------------------
------------------------------------------------------------------------------
 28/02/2024 15:59:41 Client-Info Client Version: 0.12.0
 28/02/2024 15:59:41 Client-Info Client OS:      Windows
 28/02/2024 15:59:41 Client-Info Server Version: 1.5.9
 28/02/2024 15:59:41 Middleware::Response Success
------------------------------------------------------------------------------


------------------------------------------------------------------------------
-----------------------------DefaultPrinterManager----------------------------
------------------------------------------------------------------------------
 28/02/2024 15:59:41 Client-Info Client Version: 0.12.0
 28/02/2024 15:59:41 Client-Info Client OS:      Windows
 28/02/2024 15:59:41 Client-Info Server Version: 1.5.9
 28/02/2024 15:59:41 Middleware::Response Success
------------------------------------------------------------------------------


------------------------------------------------------------------------------
--------------------------------DisplayManager--------------------------------
------------------------------------------------------------------------------
 28/02/2024 15:59:41 Client-Info Client Version: 0.12.0
 28/02/2024 15:59:41 Client-Info Client OS:      Windows
 28/02/2024 15:59:41 Client-Info Server Version: 1.5.9
 28/02/2024 15:59:41 Middleware::Response Success
 28/02/2024 15:59:41 DisplayManager ERROR: Invalid settings provided
------------------------------------------------------------------------------

 28/02/2024 15:59:41 Service Sleeping for 75 seconds
 28/02/2024 16:00:56 Middleware::Response Success

------------------------------------------------------------------------------
----------------------------------AutoLogOut----------------------------------
------------------------------------------------------------------------------
 28/02/2024 16:00:56 Client-Info Client Version: 0.12.0
 28/02/2024 16:00:56 Client-Info Client OS:      Windows
 28/02/2024 16:00:56 Client-Info Server Version: 1.5.9
 28/02/2024 16:00:56 Middleware::Response Success
------------------------------------------------------------------------------


------------------------------------------------------------------------------
-----------------------------DefaultPrinterManager----------------------------
------------------------------------------------------------------------------
 28/02/2024 16:00:56 Client-Info Client Version: 0.12.0
 28/02/2024 16:00:56 Client-Info Client OS:      Windows
 28/02/2024 16:00:56 Client-Info Server Version: 1.5.9
 28/02/2024 16:00:56 Middleware::Response Success
------------------------------------------------------------------------------


------------------------------------------------------------------------------
--------------------------------DisplayManager--------------------------------
------------------------------------------------------------------------------
 28/02/2024 16:00:56 Client-Info Client Version: 0.12.0
 28/02/2024 16:00:56 Client-Info Client OS:      Windows
 28/02/2024 16:00:56 Client-Info Server Version: 1.5.9
 28/02/2024 16:00:56 Middleware::Response Success
 28/02/2024 16:00:56 DisplayManager ERROR: Invalid settings provided
------------------------------------------------------------------------------

 28/02/2024 16:00:56 Service Sleeping for 145 seconds
 28/02/2024 16:03:21 Middleware::Response Success

------------------------------------------------------------------------------
----------------------------------AutoLogOut----------------------------------
------------------------------------------------------------------------------
 28/02/2024 16:03:21 Client-Info Client Version: 0.12.0
 28/02/2024 16:03:21 Client-Info Client OS:      Windows
 28/02/2024 16:03:21 Client-Info Server Version: 1.5.9
 28/02/2024 16:03:21 Middleware::Response Success
------------------------------------------------------------------------------


------------------------------------------------------------------------------
-----------------------------DefaultPrinterManager----------------------------
------------------------------------------------------------------------------
 28/02/2024 16:03:21 Client-Info Client Version: 0.12.0
 28/02/2024 16:03:21 Client-Info Client OS:      Windows
 28/02/2024 16:03:21 Client-Info Server Version: 1.5.9
 28/02/2024 16:03:21 Middleware::Response Success
------------------------------------------------------------------------------


------------------------------------------------------------------------------
--------------------------------DisplayManager--------------------------------
------------------------------------------------------------------------------
 28/02/2024 16:03:21 Client-Info Client Version: 0.12.0
 28/02/2024 16:03:21 Client-Info Client OS:      Windows
 28/02/2024 16:03:21 Client-Info Server Version: 1.5.9
 28/02/2024 16:03:21 Middleware::Response Success
 28/02/2024 16:03:21 DisplayManager ERROR: Invalid settings provided
------------------------------------------------------------------------------

 28/02/2024 16:03:21 Service Sleeping for 124 seconds
 28/02/2024 16:05:25 Middleware::Response Success

------------------------------------------------------------------------------
----------------------------------AutoLogOut----------------------------------
------------------------------------------------------------------------------
 28/02/2024 16:05:25 Client-Info Client Version: 0.12.0
 28/02/2024 16:05:25 Client-Info Client OS:      Windows
 28/02/2024 16:05:25 Client-Info Server Version: 1.5.9
 28/02/2024 16:05:25 Middleware::Response Success
------------------------------------------------------------------------------


------------------------------------------------------------------------------
-----------------------------DefaultPrinterManager----------------------------
------------------------------------------------------------------------------
 28/02/2024 16:05:25 Client-Info Client Version: 0.12.0
 28/02/2024 16:05:25 Client-Info Client OS:      Windows
 28/02/2024 16:05:25 Client-Info Server Version: 1.5.9
 28/02/2024 16:05:25 Middleware::Response Success
------------------------------------------------------------------------------


------------------------------------------------------------------------------
--------------------------------DisplayManager--------------------------------
------------------------------------------------------------------------------
 28/02/2024 16:05:25 Client-Info Client Version: 0.12.0
 28/02/2024 16:05:25 Client-Info Client OS:      Windows
 28/02/2024 16:05:25 Client-Info Server Version: 1.5.9
 28/02/2024 16:05:25 Middleware::Response Success
 28/02/2024 16:05:25 DisplayManager ERROR: Invalid settings provided
------------------------------------------------------------------------------

 28/02/2024 16:05:25 Service Sleeping for 64 seconds
 28/02/2024 16:06:29 Middleware::Response Success

------------------------------------------------------------------------------
----------------------------------AutoLogOut----------------------------------
------------------------------------------------------------------------------
 28/02/2024 16:06:29 Client-Info Client Version: 0.12.0
 28/02/2024 16:06:29 Client-Info Client OS:      Windows
 28/02/2024 16:06:29 Client-Info Server Version: 1.5.9
 28/02/2024 16:06:29 Middleware::Response Success
------------------------------------------------------------------------------


------------------------------------------------------------------------------
-----------------------------DefaultPrinterManager----------------------------
------------------------------------------------------------------------------
 28/02/2024 16:06:29 Client-Info Client Version: 0.12.0
 28/02/2024 16:06:29 Client-Info Client OS:      Windows
 28/02/2024 16:06:29 Client-Info Server Version: 1.5.9
 28/02/2024 16:06:29 Middleware::Response Success
------------------------------------------------------------------------------


------------------------------------------------------------------------------
--------------------------------DisplayManager--------------------------------
------------------------------------------------------------------------------
 28/02/2024 16:06:29 Client-Info Client Version: 0.12.0
 28/02/2024 16:06:29 Client-Info Client OS:      Windows
 28/02/2024 16:06:29 Client-Info Server Version: 1.5.9
 28/02/2024 16:06:29 Middleware::Response Success
 28/02/2024 16:06:29 DisplayManager ERROR: Invalid settings provided
------------------------------------------------------------------------------

 28/02/2024 16:06:29 Service Sleeping for 83 seconds
 28/02/2024 16:07:52 Middleware::Response Success

------------------------------------------------------------------------------
----------------------------------AutoLogOut----------------------------------
------------------------------------------------------------------------------
 28/02/2024 16:07:52 Client-Info Client Version: 0.12.0
 28/02/2024 16:07:52 Client-Info Client OS:      Windows
 28/02/2024 16:07:52 Client-Info Server Version: 1.5.9
 28/02/2024 16:07:52 Middleware::Response Success
------------------------------------------------------------------------------


------------------------------------------------------------------------------
-----------------------------DefaultPrinterManager----------------------------
------------------------------------------------------------------------------
 28/02/2024 16:07:52 Client-Info Client Version: 0.12.0
 28/02/2024 16:07:52 Client-Info Client OS:      Windows
 28/02/2024 16:07:52 Client-Info Server Version: 1.5.9
 28/02/2024 16:07:52 Middleware::Response Success
------------------------------------------------------------------------------


------------------------------------------------------------------------------
--------------------------------DisplayManager--------------------------------
------------------------------------------------------------------------------
 28/02/2024 16:07:52 Client-Info Client Version: 0.12.0
 28/02/2024 16:07:52 Client-Info Client OS:      Windows
 28/02/2024 16:07:52 Client-Info Server Version: 1.5.9
 28/02/2024 16:07:52 Middleware::Response Success
 28/02/2024 16:07:52 DisplayManager ERROR: Invalid settings provided
------------------------------------------------------------------------------

 28/02/2024 16:07:52 Service Sleeping for 113 seconds
 28/02/2024 16:09:45 Middleware::Response Success

------------------------------------------------------------------------------
----------------------------------AutoLogOut----------------------------------
------------------------------------------------------------------------------
 28/02/2024 16:09:45 Client-Info Client Version: 0.12.0
 28/02/2024 16:09:45 Client-Info Client OS:      Windows
 28/02/2024 16:09:45 Client-Info Server Version: 1.5.9
 28/02/2024 16:09:45 Middleware::Response Success
------------------------------------------------------------------------------


------------------------------------------------------------------------------
-----------------------------DefaultPrinterManager----------------------------
------------------------------------------------------------------------------
 28/02/2024 16:09:45 Client-Info Client Version: 0.12.0
 28/02/2024 16:09:45 Client-Info Client OS:      Windows
 28/02/2024 16:09:45 Client-Info Server Version: 1.5.9
 28/02/2024 16:09:45 Middleware::Response Success
------------------------------------------------------------------------------


------------------------------------------------------------------------------
--------------------------------DisplayManager--------------------------------
------------------------------------------------------------------------------
 28/02/2024 16:09:45 Client-Info Client Version: 0.12.0
 28/02/2024 16:09:45 Client-Info Client OS:      Windows
 28/02/2024 16:09:45 Client-Info Server Version: 1.5.9
 28/02/2024 16:09:45 Middleware::Response Success
 28/02/2024 16:09:45 DisplayManager ERROR: Invalid settings provided
------------------------------------------------------------------------------

 28/02/2024 16:09:45 Service Sleeping for 134 seconds
 28/02/2024 16:11:59 Middleware::Response Success

------------------------------------------------------------------------------
----------------------------------AutoLogOut----------------------------------
------------------------------------------------------------------------------
 28/02/2024 16:11:59 Client-Info Client Version: 0.12.0
 28/02/2024 16:11:59 Client-Info Client OS:      Windows
 28/02/2024 16:11:59 Client-Info Server Version: 1.5.9
 28/02/2024 16:11:59 Middleware::Response Success
------------------------------------------------------------------------------


------------------------------------------------------------------------------
-----------------------------DefaultPrinterManager----------------------------
------------------------------------------------------------------------------
 28/02/2024 16:11:59 Client-Info Client Version: 0.12.0
 28/02/2024 16:11:59 Client-Info Client OS:      Windows
 28/02/2024 16:11:59 Client-Info Server Version: 1.5.9
 28/02/2024 16:11:59 Middleware::Response Success
------------------------------------------------------------------------------


------------------------------------------------------------------------------
--------------------------------DisplayManager--------------------------------
------------------------------------------------------------------------------
 28/02/2024 16:11:59 Client-Info Client Version: 0.12.0
 28/02/2024 16:11:59 Client-Info Client OS:      Windows
 28/02/2024 16:11:59 Client-Info Server Version: 1.5.9
 28/02/2024 16:11:59 Middleware::Response Success
 28/02/2024 16:11:59 DisplayManager ERROR: Invalid settings provided
------------------------------------------------------------------------------

 28/02/2024 16:11:59 Service Sleeping for 61 seconds
 28/02/2024 16:13:00 Middleware::Response Success

------------------------------------------------------------------------------
----------------------------------AutoLogOut----------------------------------
------------------------------------------------------------------------------
 28/02/2024 16:13:00 Client-Info Client Version: 0.12.0
 28/02/2024 16:13:00 Client-Info Client OS:      Windows
 28/02/2024 16:13:00 Client-Info Server Version: 1.5.9
 28/02/2024 16:13:00 Middleware::Response Success
------------------------------------------------------------------------------


------------------------------------------------------------------------------
-----------------------------DefaultPrinterManager----------------------------
------------------------------------------------------------------------------
 28/02/2024 16:13:00 Client-Info Client Version: 0.12.0
 28/02/2024 16:13:00 Client-Info Client OS:      Windows
 28/02/2024 16:13:00 Client-Info Server Version: 1.5.9
 28/02/2024 16:13:00 Middleware::Response Success
------------------------------------------------------------------------------


------------------------------------------------------------------------------
--------------------------------DisplayManager--------------------------------
------------------------------------------------------------------------------
 28/02/2024 16:13:00 Client-Info Client Version: 0.12.0
 28/02/2024 16:13:00 Client-Info Client OS:      Windows
 28/02/2024 16:13:00 Client-Info Server Version: 1.5.9
 28/02/2024 16:13:00 Middleware::Response Success
 28/02/2024 16:13:00 DisplayManager ERROR: Invalid settings provided
------------------------------------------------------------------------------

 28/02/2024 16:13:00 Service Sleeping for 146 seconds
 28/02/2024 16:15:26 Middleware::Response Success

------------------------------------------------------------------------------
----------------------------------AutoLogOut----------------------------------
------------------------------------------------------------------------------
 28/02/2024 16:15:26 Client-Info Client Version: 0.12.0
 28/02/2024 16:15:26 Client-Info Client OS:      Windows
 28/02/2024 16:15:26 Client-Info Server Version: 1.5.9
 28/02/2024 16:15:26 Middleware::Response Success
------------------------------------------------------------------------------


------------------------------------------------------------------------------
-----------------------------DefaultPrinterManager----------------------------
------------------------------------------------------------------------------
 28/02/2024 16:15:26 Client-Info Client Version: 0.12.0
 28/02/2024 16:15:26 Client-Info Client OS:      Windows
 28/02/2024 16:15:26 Client-Info Server Version: 1.5.9
 28/02/2024 16:15:26 Middleware::Response Success
------------------------------------------------------------------------------


------------------------------------------------------------------------------
--------------------------------DisplayManager--------------------------------
------------------------------------------------------------------------------
 28/02/2024 16:15:26 Client-Info Client Version: 0.12.0
 28/02/2024 16:15:26 Client-Info Client OS:      Windows
 28/02/2024 16:15:26 Client-Info Server Version: 1.5.9
 28/02/2024 16:15:26 Middleware::Response Success
 28/02/2024 16:15:26 DisplayManager ERROR: Invalid settings provided
------------------------------------------------------------------------------

 28/02/2024 16:15:26 Service Sleeping for 140 seconds
